[1/21] cl /c /Zc:__cplusplus /Zp8 /GR /W3 /EHs /nologo /MD /D_CRT_SECURE_NO_DEPRECATE /D_SCL_SECURE_NO_DEPRECATE /D_SECURE_SCL=0   /DMATLAB_MEX_FILE  /DMATLAB_MEX_FILE /O2 /Oy- /DNDEBUG /fp:strict /utf-8 /I "." /I "D:\school\ä½œä¸š\C++\matlab" /I "D:\matlab\extern\include" /I ".\interface" /I "." -DMODEL=triangularraster_mex -DMW_NEEDS_VERSION_H /wd4251  triangularraster_data.cpp /Fobuild\win64\triangularraster_data.obj
triangularraster_data.cpp
[2/21] cl /c /Zc:__cplusplus /Zp8 /GR /W3 /EHs /nologo /MD /D_CRT_SECURE_NO_DEPRECATE /D_SCL_SECURE_NO_DEPRECATE /D_SECURE_SCL=0   /DMATLAB_MEX_FILE  /DMATLAB_MEX_FILE /O2 /Oy- /DNDEBUG /fp:strict /utf-8 /I "." /I "D:\school\ä½œä¸š\C++\matlab" /I "D:\matlab\extern\include" /I ".\interface" /I "." -DMODEL=triangularraster_mex -DMW_NEEDS_VERSION_H /wd4251  triangularraster_terminate.cpp /Fobuild\win64\triangularraster_terminate.obj
triangularraster_terminate.cpp
[3/21] cl /c /Zc:__cplusplus /Zp8 /GR /W3 /EHs /nologo /MD /D_CRT_SECURE_NO_DEPRECATE /D_SCL_SECURE_NO_DEPRECATE /D_SECURE_SCL=0   /DMATLAB_MEX_FILE  /DMATLAB_MEX_FILE /O2 /Oy- /DNDEBUG /fp:strict /utf-8 /I "." /I "D:\school\ä½œä¸š\C++\matlab" /I "D:\matlab\extern\include" /I ".\interface" /I "." -DMODEL=triangularraster_mex -DMW_NEEDS_VERSION_H /wd4251  rt_nonfinite.cpp /Fobuild\win64\rt_nonfinite.obj
rt_nonfinite.cpp
[4/21] cl /c /Zc:__cplusplus /Zp8 /GR /W3 /EHs /nologo /MD /D_CRT_SECURE_NO_DEPRECATE /D_SCL_SECURE_NO_DEPRECATE /D_SECURE_SCL=0   /DMATLAB_MEX_FILE  /DMATLAB_MEX_FILE /O2 /Oy- /DNDEBUG /fp:strict /utf-8 /I "." /I "D:\school\ä½œä¸š\C++\matlab" /I "D:\matlab\extern\include" /I ".\interface" /I "." -DMODEL=triangularraster_mex -DMW_NEEDS_VERSION_H /wd4251  interface\_coder_triangularraster_mex.cpp /Fobuild\win64\_coder_triangularraster_mex.obj
_coder_triangularraster_mex.cpp
[5/21] cl /c /Zc:__cplusplus /Zp8 /GR /W3 /EHs /nologo /MD /D_CRT_SECURE_NO_DEPRECATE /D_SCL_SECURE_NO_DEPRECATE /D_SECURE_SCL=0   /DMATLAB_MEX_FILE  /DMATLAB_MEX_FILE /O2 /Oy- /DNDEBUG /fp:strict /utf-8 /I "." /I "D:\school\ä½œä¸š\C++\matlab" /I "D:\matlab\extern\include" /I ".\interface" /I "." -DMODEL=triangularraster_mex -DMW_NEEDS_VERSION_H /wd4251  triangularraster_initialize.cpp /Fobuild\win64\triangularraster_initialize.obj
triangularraster_initialize.cpp
[6/21] cl /c /Zc:__cplusplus /Zp8 /GR /W3 /EHs /nologo /MD /D_CRT_SECURE_NO_DEPRECATE /D_SCL_SECURE_NO_DEPRECATE /D_SECURE_SCL=0   /DMATLAB_MEX_FILE  /DMATLAB_MEX_FILE /O2 /Oy- /DNDEBUG /fp:strict /utf-8 /I "." /I "D:\school\ä½œä¸š\C++\matlab" /I "D:\matlab\extern\include" /I ".\interface" /I "." -DMODEL=triangularraster_mex -DMW_NEEDS_VERSION_H /wd4251  triu.cpp /Fobuild\win64\triu.obj
triu.cpp
[7/21] cl /c /Zc:__cplusplus /Zp8 /GR /W3 /EHs /nologo /MD /D_CRT_SECURE_NO_DEPRECATE /D_SCL_SECURE_NO_DEPRECATE /D_SECURE_SCL=0   /DMATLAB_MEX_FILE  /DMATLAB_MEX_FILE /O2 /Oy- /DNDEBUG /fp:strict /utf-8 /I "." /I "D:\school\ä½œä¸š\C++\matlab" /I "D:\matlab\extern\include" /I ".\interface" /I "." -DMODEL=triangularraster_mex -DMW_NEEDS_VERSION_H /wd4251  timeKeeper.cpp /Fobuild\win64\timeKeeper.obj
timeKeeper.cpp
[8/21] cl /c /Zc:__cplusplus /Zp8 /GR /W3 /EHs /nologo /MD /D_CRT_SECURE_NO_DEPRECATE /D_SCL_SECURE_NO_DEPRECATE /D_SECURE_SCL=0   /DMATLAB_MEX_FILE  /DMATLAB_MEX_FILE /O2 /Oy- /DNDEBUG /fp:strict /utf-8 /I "." /I "D:\school\ä½œä¸š\C++\matlab" /I "D:\matlab\extern\include" /I ".\interface" /I "." -DMODEL=triangularraster_mex -DMW_NEEDS_VERSION_H /wd4251  tic.cpp /Fobuild\win64\tic.obj
tic.cpp
[9/21] cl /c /Zc:__cplusplus /Zp8 /GR /W3 /EHs /nologo /MD /D_CRT_SECURE_NO_DEPRECATE /D_SCL_SECURE_NO_DEPRECATE /D_SECURE_SCL=0   /DMATLAB_MEX_FILE  /DMATLAB_MEX_FILE /O2 /Oy- /DNDEBUG /fp:strict /utf-8 /I "." /I "D:\school\ä½œä¸š\C++\matlab" /I "D:\matlab\extern\include" /I ".\interface" /I "." -DMODEL=triangularraster_mex -DMW_NEEDS_VERSION_H /wd4251  imread.cpp /Fobuild\win64\imread.obj
imread.cpp
[10/21] cl /c /Zc:__cplusplus /Zp8 /GR /W3 /EHs /nologo /MD /D_CRT_SECURE_NO_DEPRECATE /D_SCL_SECURE_NO_DEPRECATE /D_SECURE_SCL=0   /DMATLAB_MEX_FILE  /DMATLAB_MEX_FILE /O2 /Oy- /DNDEBUG /fp:strict /utf-8 /I "." /I "D:\school\ä½œä¸š\C++\matlab" /I "D:\matlab\extern\include" /I ".\interface" /I "." -DMODEL=triangularraster_mex -DMW_NEEDS_VERSION_H /wd4251  warning.cpp /Fobuild\win64\warning.obj
warning.cpp
[11/21] cl /c /Zc:__cplusplus /Zp8 /GR /W3 /EHs /nologo /MD /D_CRT_SECURE_NO_DEPRECATE /D_SCL_SECURE_NO_DEPRECATE /D_SECURE_SCL=0   /DMATLAB_MEX_FILE  /DMATLAB_MEX_FILE /O2 /Oy- /DNDEBUG /fp:strict /utf-8 /I "." /I "D:\school\ä½œä¸š\C++\matlab" /I "D:\matlab\extern\include" /I ".\interface" /I "." -DMODEL=triangularraster_mex -DMW_NEEDS_VERSION_H /wd4251  D:\matlab\extern\version\cpp_mexapi_version.cpp /Fobuild\win64\cpp_mexapi_version.obj
cpp_mexapi_version.cpp
[12/21] cl /c /Zc:__cplusplus /Zp8 /GR /W3 /EHs /nologo /MD /D_CRT_SECURE_NO_DEPRECATE /D_SCL_SECURE_NO_DEPRECATE /D_SECURE_SCL=0   /DMATLAB_MEX_FILE  /DMATLAB_MEX_FILE /O2 /Oy- /DNDEBUG /fp:strict /utf-8 /I "." /I "D:\school\ä½œä¸š\C++\matlab" /I "D:\matlab\extern\include" /I ".\interface" /I "." -DMODEL=triangularraster_mex -DMW_NEEDS_VERSION_H /wd4251  eml_int_forloop_overflow_check.cpp /Fobuild\win64\eml_int_forloop_overflow_check.obj
eml_int_forloop_overflow_check.cpp
[13/21] cl /c /Zc:__cplusplus /Zp8 /GR /W3 /EHs /nologo /MD /D_CRT_SECURE_NO_DEPRECATE /D_SCL_SECURE_NO_DEPRECATE /D_SECURE_SCL=0   /DMATLAB_MEX_FILE  /DMATLAB_MEX_FILE /O2 /Oy- /DNDEBUG /fp:strict /utf-8 /I "." /I "D:\school\ä½œä¸š\C++\matlab" /I "D:\matlab\extern\include" /I ".\interface" /I "." -DMODEL=triangularraster_mex -DMW_NEEDS_VERSION_H /wd4251  toc.cpp /Fobuild\win64\toc.obj
toc.cpp
[14/21] cl /c /Zc:__cplusplus /Zp8 /GR /W3 /EHs /nologo /MD /D_CRT_SECURE_NO_DEPRECATE /D_SCL_SECURE_NO_DEPRECATE /D_SECURE_SCL=0   /DMATLAB_MEX_FILE  /DMATLAB_MEX_FILE /O2 /Oy- /DNDEBUG /fp:strict /utf-8 /I "." /I "D:\school\ä½œä¸š\C++\matlab" /I "D:\matlab\extern\include" /I ".\interface" /I "." -DMODEL=triangularraster_mex -DMW_NEEDS_VERSION_H /wd4251  triangularraster_mexutil.cpp /Fobuild\win64\triangularraster_mexutil.obj
triangularraster_mexutil.cpp
[15/21] cl /c /Zc:__cplusplus /Zp8 /GR /W3 /EHs /nologo /MD /D_CRT_SECURE_NO_DEPRECATE /D_SCL_SECURE_NO_DEPRECATE /D_SECURE_SCL=0   /DMATLAB_MEX_FILE  /DMATLAB_MEX_FILE /O2 /Oy- /DNDEBUG /fp:strict /utf-8 /I "." /I "D:\school\ä½œä¸š\C++\matlab" /I "D:\matlab\extern\include" /I ".\interface" /I "." -DMODEL=triangularraster_mex -DMW_NEEDS_VERSION_H /wd4251  interface\_coder_triangularraster_info.cpp /Fobuild\win64\_coder_triangularraster_info.obj
_coder_triangularraster_info.cpp
[16/21] cl /c /Zc:__cplusplus /Zp8 /GR /W3 /EHs /nologo /MD /D_CRT_SECURE_NO_DEPRECATE /D_SCL_SECURE_NO_DEPRECATE /D_SECURE_SCL=0   /DMATLAB_MEX_FILE  /DMATLAB_MEX_FILE /O2 /Oy- /DNDEBUG /fp:strict /utf-8 /I "." /I "D:\school\ä½œä¸š\C++\matlab" /I "D:\matlab\extern\include" /I ".\interface" /I "." -DMODEL=triangularraster_mex -DMW_NEEDS_VERSION_H /wd4251  sumMatrixIncludeNaN.cpp /Fobuild\win64\sumMatrixIncludeNaN.obj
sumMatrixIncludeNaN.cpp
[17/21] cl /c /Zc:__cplusplus /Zp8 /GR /W3 /EHs /nologo /MD /D_CRT_SECURE_NO_DEPRECATE /D_SCL_SECURE_NO_DEPRECATE /D_SECURE_SCL=0   /DMATLAB_MEX_FILE  /DMATLAB_MEX_FILE /O2 /Oy- /DNDEBUG /fp:strict /utf-8 /I "." /I "D:\school\ä½œä¸š\C++\matlab" /I "D:\matlab\extern\include" /I ".\interface" /I "." -DMODEL=triangularraster_mex -DMW_NEEDS_VERSION_H /wd4251  sum.cpp /Fobuild\win64\sum.obj
sum.cpp
[18/21] cl /c /Zc:__cplusplus /Zp8 /GR /W3 /EHs /nologo /MD /D_CRT_SECURE_NO_DEPRECATE /D_SCL_SECURE_NO_DEPRECATE /D_SECURE_SCL=0   /DMATLAB_MEX_FILE  /DMATLAB_MEX_FILE /O2 /Oy- /DNDEBUG /fp:strict /utf-8 /I "." /I "D:\school\ä½œä¸š\C++\matlab" /I "D:\matlab\extern\include" /I ".\interface" /I "." -DMODEL=triangularraster_mex -DMW_NEEDS_VERSION_H /wd4251  interface\_coder_triangularraster_api.cpp /Fobuild\win64\_coder_triangularraster_api.obj
_coder_triangularraster_api.cpp
[19/21] cl /c /Zc:__cplusplus /Zp8 /GR /W3 /EHs /nologo /MD /D_CRT_SECURE_NO_DEPRECATE /D_SCL_SECURE_NO_DEPRECATE /D_SECURE_SCL=0   /DMATLAB_MEX_FILE  /DMATLAB_MEX_FILE /O2 /Oy- /DNDEBUG /fp:strict /utf-8 /I "." /I "D:\school\ä½œä¸š\C++\matlab" /I "D:\matlab\extern\include" /I ".\interface" /I "." -DMODEL=triangularraster_mex -DMW_NEEDS_VERSION_H /wd4251  triangularraster.cpp /Fobuild\win64\triangularraster.obj
triangularraster.cpp
[20/21] cl /c /Zc:__cplusplus /Zp8 /GR /W3 /EHs /nologo /MD /D_CRT_SECURE_NO_DEPRECATE /D_SCL_SECURE_NO_DEPRECATE /D_SECURE_SCL=0   /DMATLAB_MEX_FILE  /DMATLAB_MEX_FILE /O2 /Oy- /DNDEBUG /fp:strict /utf-8 /I "." /I "D:\school\ä½œä¸š\C++\matlab" /I "D:\matlab\extern\include" /I ".\interface" /I "." -DMODEL=triangularraster_mex -DMW_NEEDS_VERSION_H /wd4251  tril.cpp /Fobuild\win64\tril.obj
tril.cpp
[21/21] link build\win64\triangularraster_data.obj build\win64\rt_nonfinite.obj build\win64\triangularraster_initialize.obj build\win64\triangularraster_terminate.obj build\win64\triangularraster.obj build\win64\tic.obj build\win64\timeKeeper.obj build\win64\imread.obj build\win64\sum.obj build\win64\sumMatrixIncludeNaN.obj build\win64\toc.obj build\win64\_coder_triangularraster_api.obj build\win64\_coder_triangularraster_mex.obj build\win64\eml_int_forloop_overflow_check.obj build\win64\warning.obj build\win64\triu.obj build\win64\tril.obj build\win64\triangularraster_mexutil.obj build\win64\_coder_triangularraster_info.obj build\win64\cpp_mexapi_version.obj "D:\matlab\extern\lib\win64\microsoft\libmwjpegreader.lib" /nologo /manifest   /DLL /LIBPATH:"D:\matlab\extern\lib\win64\microsoft" libmx.lib libmex.lib libmat.lib kernel32.lib user32.lib gdi32.lib winspool.lib comdlg32.lib advapi32.lib shell32.lib ole32.lib oleaut32.lib uuid.lib odbc32.lib odbccp32.lib libMatlabDataArray.lib libMatlabEngine.lib  /out:"triangularraster_mex.mexw64" libemlrt.lib libcovrt.lib libut.lib libmwmathutil.lib 
  ÕýÔÚ´´½¨¿â triangularraster_mex.lib ºÍ¶ÔÏó triangularraster_mex.exp
